#
#model:
#
#<?xml version="1.0" encoding="UTF-8" standalone="no"?><input id="posterior" spec="beast.core.util.CompoundDistribution">
#    <distribution id="prior" spec="beast.core.util.CompoundDistribution">
#        <distribution id="YuleModel.t:GTR1" spec="beast.evolution.speciation.YuleModel">
#            <parameter id="birthRate.t:GTR1" name="birthDiffRate">1.0</parameter>
#            <tree id="Tree.t:GTR1">
#                <taxonset id="TaxonSet.GTR1" spec="beast.evolution.alignment.TaxonSet">
#                </taxonset>
#            </tree>
#        </distribution>
#        <prior id="YuleBirthRatePrior.t:GTR1" name="distribution" x="@birthRate.t:GTR1">
#            <LogNormal id="LogNormalDistributionModel.0" name="distr">
#                <parameter estimate="false" id="RealParameter.0" name="M">1.0</parameter>
#                <parameter estimate="false" id="RealParameter.01" lower="0.0" name="S" upper="5.0">1.25</parameter>
#            </LogNormal>
#        </prior>
#        <prior id="ClockPrior.c:GTR1" name="distribution">
#            <parameter id="clockRate.c:GTR1" name="x">1.0E-4</parameter>
#            <LogNormal id="LogNormalDistributionModel.01" name="distr">
#                <parameter estimate="false" id="RealParameter.02" name="M">1.0</parameter>
#                <parameter estimate="false" id="RealParameter.03" lower="0.0" name="S" upper="5.0">1.25</parameter>
#            </LogNormal>
#        </prior>
#        <distribution id="Constraint_1.prior" spec="beast.math.distributions.MRCAPrior" tree="@Tree.t:GTR1">
#            <taxonset id="Constraint_1" spec="beast.evolution.alignment.TaxonSet">
#                <taxon id="52" spec="beast.evolution.alignment.Taxon"/>
#                <taxon id="58" spec="beast.evolution.alignment.Taxon"/>
#                <taxon id="71" spec="beast.evolution.alignment.Taxon"/>
#                <taxon id="78" spec="beast.evolution.alignment.Taxon"/>
#                <taxon id="17" spec="beast.evolution.alignment.Taxon"/>
#                <taxon id="68" spec="beast.evolution.alignment.Taxon"/>
#                <taxon id="15" spec="beast.evolution.alignment.Taxon"/>
#                <taxon id="22" spec="beast.evolution.alignment.Taxon"/>
#            </taxonset>
#            <Uniform id="Uniform.01" lower="2279.0" name="distr" upper="2787.0"/>
#        </distribution>
#        <distribution id="Constraint_2.prior" spec="beast.math.distributions.MRCAPrior" tree="@Tree.t:GTR1">
#            <taxonset id="Constraint_2" spec="beast.evolution.alignment.TaxonSet">
#                <taxon id="75" spec="beast.evolution.alignment.Taxon"/>
#                <taxon id="46" spec="beast.evolution.alignment.Taxon"/>
#                <taxon id="12" spec="beast.evolution.alignment.Taxon"/>
#                <taxon id="24" spec="beast.evolution.alignment.Taxon"/>
#                <taxon id="37" spec="beast.evolution.alignment.Taxon"/>
#                <taxon id="25" spec="beast.evolution.alignment.Taxon"/>
#                <taxon id="26" spec="beast.evolution.alignment.Taxon"/>
#                <taxon id="18" spec="beast.evolution.alignment.Taxon"/>
#            </taxonset>
#            <Uniform id="Uniform.02" lower="2526.0" name="distr" upper="3089.0"/>
#        </distribution>
#    </distribution>
#    <distribution id="likelihood" spec="beast.core.util.CompoundDistribution">
#        <distribution data="@GTR1" id="treeLikelihood.GTR1" spec="beast.evolution.likelihood.TreeLikelihood" tree="@Tree.t:GTR1">
#            <siteModel id="SiteModel.s:GTR1" spec="beast.evolution.sitemodel.SiteModel">
#                <parameter id="mutationRate.s:GTR1" name="mutationRate">1.0</parameter>
#                <parameter estimate="false" id="gammaShape.s:GTR1" name="shape">1.0</parameter>
#                <parameter estimate="false" id="proportionInvariant.s:GTR1" lower="0.0" name="proportionInvariant" upper="1.0">0.0</parameter>
#                <substModel id="LewisMK.s:GTR1" spec="beast.evolution.substitutionmodel.LewisMK" stateNumber="2"/>
#            </siteModel>
#            <branchRateModel clock.rate="@clockRate.c:GTR1" id="StrictClock.c:GTR1" spec="beast.evolution.branchratemodel.StrictClockModel"/>
#        </distribution>
#    </distribution>
#</input>
#
Sample	posterior	likelihood	prior	treeLikelihood	TreeHeight	YuleModel	birthRate	mutationRate	monophyletic(Constraint_1)	logP(mrca(Constraint_1))	mrcatime(Constraint_1)	clockRate	monophyletic(Constraint_2)	logP(mrca(Constraint_2))	mrcatime(Constraint_2)	
0	-583617.5530846377	-570186.6964260786	-13430.856658559147	-570186.6964260786	2705.829056482198	-13393.060197778821	1.0	1.0	1	-6.230481447578482	2632.1452019634044	1.3223531166509886E-4	1	-6.333279628139691	2705.7625761559166	
